<?xml version="1.0" encoding="UTF-8"?>
<testsuite xmlns:xsi="http://www.w3.org/2001/XMLSchema-instance" xsi:noNamespaceSchemaLocation="https://maven.apache.org/surefire/maven-surefire-plugin/xsd/surefire-test-report-3.0.xsd" version="3.0" name="admin.DBUtilsAdminTest" time="0.962" tests="1" errors="0" skipped="0" failures="0">
  <properties>
    <property name="sun.desktop" value="windows"/>
    <property name="awt.toolkit" value="sun.awt.windows.WToolkit"/>
    <property name="netbeans.deploy" value="true"/>
    <property name="file.encoding.pkg" value="sun.io"/>
    <property name="java.specification.version" value="1.8"/>
    <property name="sun.cpu.isalist" value="amd64"/>
    <property name="sun.jnu.encoding" value="Cp1252"/>
    <property name="java.class.path" value="C:\Users\User\Documents\NetBeansProjects\rest-service\target\test-classes;C:\Users\User\Documents\NetBeansProjects\rest-service\target\classes;C:\Users\User\.m2\repository\com\google\code\gson\gson\2.10.1\gson-2.10.1.jar;C:\Users\User\.m2\repository\jakarta\platform\jakarta.jakartaee-api\8.0.0\jakarta.jakartaee-api-8.0.0.jar;C:\Users\User\.m2\repository\mysql\mysql-connector-java\5.1.49\mysql-connector-java-5.1.49.jar;C:\Users\User\.m2\repository\org\junit\jupiter\junit-jupiter-api\5.6.0\junit-jupiter-api-5.6.0.jar;C:\Users\User\.m2\repository\org\apiguardian\apiguardian-api\1.1.0\apiguardian-api-1.1.0.jar;C:\Users\User\.m2\repository\org\opentest4j\opentest4j\1.2.0\opentest4j-1.2.0.jar;C:\Users\User\.m2\repository\org\junit\platform\junit-platform-commons\1.6.0\junit-platform-commons-1.6.0.jar;C:\Users\User\.m2\repository\org\junit\jupiter\junit-jupiter-params\5.6.0\junit-jupiter-params-5.6.0.jar;C:\Users\User\.m2\repository\org\junit\jupiter\junit-jupiter-engine\5.6.0\junit-jupiter-engine-5.6.0.jar;C:\Users\User\.m2\repository\org\junit\platform\junit-platform-engine\1.6.0\junit-platform-engine-1.6.0.jar;"/>
    <property name="java.vm.vendor" value="Azul Systems, Inc."/>
    <property name="sun.arch.data.model" value="64"/>
    <property name="user.variant" value=""/>
    <property name="java.vendor.url" value="http://www.azul.com/"/>
    <property name="user.timezone" value="Asia/Colombo"/>
    <property name="java.vm.specification.version" value="1.8"/>
    <property name="os.name" value="Windows 10"/>
    <property name="sun.java.launcher" value="SUN_STANDARD"/>
    <property name="user.country" value="US"/>
    <property name="sun.boot.library.path" value="C:\Users\User\Documents\NetBeansJDKs\zulu8.84.0.15-ca-jdk8.0.442-win_x64_2\zulu8.84.0.15-ca-jdk8.0.442-win_x64\jre\bin"/>
    <property name="sun.java.command" value="C:\Users\User\AppData\Local\Temp\surefire6209415381642904126\surefirebooter-20250310195806181_3.jar C:\Users\User\AppData\Local\Temp\surefire6209415381642904126 2025-03-10T19-58-05_338-jvmRun1 surefire-20250310195806181_1tmp surefire_0-20250310195806181_2tmp"/>
    <property name="surefire.test.class.path" value="C:\Users\User\Documents\NetBeansProjects\rest-service\target\test-classes;C:\Users\User\Documents\NetBeansProjects\rest-service\target\classes;C:\Users\User\.m2\repository\com\google\code\gson\gson\2.10.1\gson-2.10.1.jar;C:\Users\User\.m2\repository\jakarta\platform\jakarta.jakartaee-api\8.0.0\jakarta.jakartaee-api-8.0.0.jar;C:\Users\User\.m2\repository\mysql\mysql-connector-java\5.1.49\mysql-connector-java-5.1.49.jar;C:\Users\User\.m2\repository\org\junit\jupiter\junit-jupiter-api\5.6.0\junit-jupiter-api-5.6.0.jar;C:\Users\User\.m2\repository\org\apiguardian\apiguardian-api\1.1.0\apiguardian-api-1.1.0.jar;C:\Users\User\.m2\repository\org\opentest4j\opentest4j\1.2.0\opentest4j-1.2.0.jar;C:\Users\User\.m2\repository\org\junit\platform\junit-platform-commons\1.6.0\junit-platform-commons-1.6.0.jar;C:\Users\User\.m2\repository\org\junit\jupiter\junit-jupiter-params\5.6.0\junit-jupiter-params-5.6.0.jar;C:\Users\User\.m2\repository\org\junit\jupiter\junit-jupiter-engine\5.6.0\junit-jupiter-engine-5.6.0.jar;C:\Users\User\.m2\repository\org\junit\platform\junit-platform-engine\1.6.0\junit-platform-engine-1.6.0.jar;"/>
    <property name="sun.cpu.endian" value="little"/>
    <property name="user.home" value="C:\Users\User"/>
    <property name="user.language" value="en"/>
    <property name="java.specification.vendor" value="Oracle Corporation"/>
    <property name="java.home" value="C:\Users\User\Documents\NetBeansJDKs\zulu8.84.0.15-ca-jdk8.0.442-win_x64_2\zulu8.84.0.15-ca-jdk8.0.442-win_x64\jre"/>
    <property name="basedir" value="C:\Users\User\Documents\NetBeansProjects\rest-service"/>
    <property name="file.separator" value="\"/>
    <property name="line.separator" value="&#10;"/>
    <property name="jdk.vendor.version" value="Zulu 8.84.0.15-CA-win64"/>
    <property name="java.vm.specification.vendor" value="Oracle Corporation"/>
    <property name="java.specification.name" value="Java Platform API Specification"/>
    <property name="java.awt.graphicsenv" value="sun.awt.Win32GraphicsEnvironment"/>
    <property name="surefire.real.class.path" value="C:\Users\User\AppData\Local\Temp\surefire6209415381642904126\surefirebooter-20250310195806181_3.jar"/>
    <property name="sun.boot.class.path" value="C:\Users\User\Documents\NetBeansJDKs\zulu8.84.0.15-ca-jdk8.0.442-win_x64_2\zulu8.84.0.15-ca-jdk8.0.442-win_x64\jre\lib\resources.jar;C:\Users\User\Documents\NetBeansJDKs\zulu8.84.0.15-ca-jdk8.0.442-win_x64_2\zulu8.84.0.15-ca-jdk8.0.442-win_x64\jre\lib\rt.jar;C:\Users\User\Documents\NetBeansJDKs\zulu8.84.0.15-ca-jdk8.0.442-win_x64_2\zulu8.84.0.15-ca-jdk8.0.442-win_x64\jre\lib\sunrsasign.jar;C:\Users\User\Documents\NetBeansJDKs\zulu8.84.0.15-ca-jdk8.0.442-win_x64_2\zulu8.84.0.15-ca-jdk8.0.442-win_x64\jre\lib\jsse.jar;C:\Users\User\Documents\NetBeansJDKs\zulu8.84.0.15-ca-jdk8.0.442-win_x64_2\zulu8.84.0.15-ca-jdk8.0.442-win_x64\jre\lib\jce.jar;C:\Users\User\Documents\NetBeansJDKs\zulu8.84.0.15-ca-jdk8.0.442-win_x64_2\zulu8.84.0.15-ca-jdk8.0.442-win_x64\jre\lib\charsets.jar;C:\Users\User\Documents\NetBeansJDKs\zulu8.84.0.15-ca-jdk8.0.442-win_x64_2\zulu8.84.0.15-ca-jdk8.0.442-win_x64\jre\lib\jfr.jar;C:\Users\User\Documents\NetBeansJDKs\zulu8.84.0.15-ca-jdk8.0.442-win_x64_2\zulu8.84.0.15-ca-jdk8.0.442-win_x64\jre\lib\cat.jar;C:\Users\User\Documents\NetBeansJDKs\zulu8.84.0.15-ca-jdk8.0.442-win_x64_2\zulu8.84.0.15-ca-jdk8.0.442-win_x64\jre\classes"/>
    <property name="user.script" value=""/>
    <property name="sun.management.compiler" value="HotSpot 64-Bit Tiered Compilers"/>
    <property name="netbeans.deploy.clientUrlPart" value="/index.html"/>
    <property name="java.runtime.version" value="1.8.0_442-b06"/>
    <property name="user.name" value="User"/>
    <property name="path.separator" value=";"/>
    <property name="os.version" value="10.0"/>
    <property name="java.endorsed.dirs" value="C:\Users\User\Documents\NetBeansJDKs\zulu8.84.0.15-ca-jdk8.0.442-win_x64_2\zulu8.84.0.15-ca-jdk8.0.442-win_x64\jre\lib\endorsed"/>
    <property name="java.runtime.name" value="OpenJDK Runtime Environment"/>
    <property name="file.encoding" value="UTF-8"/>
    <property name="java.vm.name" value="OpenJDK 64-Bit Server VM"/>
    <property name="maven.ext.class.path" value="C:\Program Files\NetBeans-17\netbeans\java\maven-nblib\netbeans-eventspy.jar"/>
    <property name="localRepository" value="C:\Users\User\.m2\repository"/>
    <property name="java.vendor.url.bug" value="http://www.azul.com/support/"/>
    <property name="java.io.tmpdir" value="C:\Users\User\AppData\Local\Temp\"/>
    <property name="java.version" value="1.8.0_442"/>
    <property name="user.dir" value="C:\Users\User\Documents\NetBeansProjects\rest-service"/>
    <property name="os.arch" value="amd64"/>
    <property name="java.vm.specification.name" value="Java Virtual Machine Specification"/>
    <property name="java.awt.printerjob" value="sun.awt.windows.WPrinterJob"/>
    <property name="sun.os.patch.level" value=""/>
    <property name="java.library.path" value="C:\Users\User\Documents\NetBeansJDKs\zulu8.84.0.15-ca-jdk8.0.442-win_x64_2\zulu8.84.0.15-ca-jdk8.0.442-win_x64\jre\bin;C:\Windows\Sun\Java\bin;C:\Windows\system32;C:\Windows;C:\Program Files\Common Files\Oracle\Java\javapath;C:\Windows\system32;C:\Windows;C:\Windows\System32\Wbem;C:\Windows\System32\WindowsPowerShell\v1.0\;C:\Windows\System32\OpenSSH\;C:\Program Files (x86)\NVIDIA Corporation\PhysX\Common;C:\Program Files\dotnet\;C:\Windows\system32\config\systemprofile\.dnx\bin;C:\Program Files\Microsoft DNX\Dnvm\;C:\Program Files (x86)\Microsoft SQL Server\160\DTS\Binn\;C:\Program Files (x86)\Microsoft SQL Server\150\DTS\Binn\;C:\Program Files\Microsoft SQL Server\150\DTS\Binn\;C:\Program Files\Microsoft SQL Server\Client SDK\ODBC\170\Tools\Binn\;C:\Program Files (x86)\Microsoft SQL Server\150\Tools\Binn\;C:\Program Files\Microsoft SQL Server\150\Tools\Binn\;C:\Program Files\NVIDIA Corporation\NVIDIA app\NvDLISR;C:\Program Files\Apache\apache-maven-3.9.9\bin;C:\Program Files\Git\cmd;C:\Users\User\AppData\Local\Microsoft\WindowsApps;C:\Users\User\AppData\Local\Programs\Microsoft VS Code\bin;C:\Users\User\.dotnet\tools;C:\Users\User\AppData\Local\GitHubDesktop\bin;."/>
    <property name="java.vm.info" value="mixed mode"/>
    <property name="java.vendor" value="Azul Systems, Inc."/>
    <property name="java.vm.version" value="25.442-b06"/>
    <property name="java.specification.maintenance.version" value="6"/>
    <property name="java.ext.dirs" value="C:\Users\User\Documents\NetBeansJDKs\zulu8.84.0.15-ca-jdk8.0.442-win_x64_2\zulu8.84.0.15-ca-jdk8.0.442-win_x64\jre\lib\ext;C:\Windows\Sun\Java\lib\ext"/>
    <property name="sun.io.unicode.encoding" value="UnicodeLittle"/>
    <property name="java.class.version" value="52.0"/>
  </properties>
  <testcase name="testGetAdmin" classname="admin.DBUtilsAdminTest" time="0.942">
    <system-out><![CDATA[getAdmin
]]></system-out>
  </testcase>
</testsuite>